<?xml version="1.0" encoding="UTF-8"?>
<testsuite name="program2.program2.example.AppTest" tests="1" skipped="0" failures="0" errors="0" timestamp="2025-06-03T05:39:32.763Z" hostname="DEEKSHA" time="0.005">
  <properties/>
  <testcase name="testApp" classname="program2.program2.example.AppTest" time="0.005"/>
  <system-out><![CDATA[]]></system-out>
  <system-err><![CDATA[]]></system-err>
</testsuite>
